<?xml version="1.0" encoding="UTF-8"?>
<!-- Generated by org.testng.reporters.JUnitReportReporter -->
<testsuite hostname="LAPTOP-TLR28ILL" failures="0" tests="3" name="TestClass" time="25.737" errors="0" timestamp="2025-01-10T02:23:35 EET" skipped="0">
  <testcase classname="TestClass" name="loginToAmazon" time="1.766"/>
  <system-out/>
  <testcase classname="TestClass" name="navigateToVideoGamesPage" time="3.928"/>
  <system-out/>
  <testcase classname="TestClass" name="selectvideoItems" time="20.043"/>
  <system-out/>
</testsuite> <!-- TestClass -->
